<?xml version="1.0" encoding="UTF-8"?>
<testng-results ignored="0" total="1" passed="1" failed="0" skipped="0">
  <reporter-output>
  </reporter-output>
  <suite started-at="2026-07-03T19:24:21 IST" name="Suite" finished-at="2026-07-03T19:24:30 IST" duration-ms="9069">
    <groups>
      <group name="Master">
        <method signature="TC_001_AccountRegistrationTest.Home()[pri:0, instance:testCases.TC_001_AccountRegistrationTest@149dd36b]" name="Home" class="testCases.TC_001_AccountRegistrationTest"/>
      </group> <!-- Master -->
      <group name="Regression">
        <method signature="TC_001_AccountRegistrationTest.Home()[pri:0, instance:testCases.TC_001_AccountRegistrationTest@149dd36b]" name="Home" class="testCases.TC_001_AccountRegistrationTest"/>
      </group> <!-- Regression -->
    </groups>
    <test started-at="2026-07-03T19:24:21 IST" name="Test" finished-at="2026-07-03T19:24:30 IST" duration-ms="9069">
      <class name="testCases.TC_001_AccountRegistrationTest">
        <test-method is-config="true" signature="setup(java.lang.String,java.lang.String)[pri:0, instance:testCases.TC_001_AccountRegistrationTest@149dd36b]" started-at="2026-07-03T19:24:21 IST" name="setup" finished-at="2026-07-03T19:24:26 IST" duration-ms="4851" status="PASS">
          <params>
            <param index="0">
              <value>
                <![CDATA[linux]]>
              </value>
            </param>
            <param index="1">
              <value>
                <![CDATA[chrome]]>
              </value>
            </param>
          </params>
          <reporter-output>
          </reporter-output>
        </test-method> <!-- setup -->
        <test-method signature="Home()[pri:0, instance:testCases.TC_001_AccountRegistrationTest@149dd36b]" started-at="2026-07-03T19:24:26 IST" name="Home" finished-at="2026-07-03T19:24:30 IST" duration-ms="3418" status="PASS">
          <reporter-output>
          </reporter-output>
        </test-method> <!-- Home -->
        <test-method is-config="true" signature="tearDown()[pri:0, instance:testCases.TC_001_AccountRegistrationTest@149dd36b]" started-at="2026-07-03T19:24:30 IST" name="tearDown" finished-at="2026-07-03T19:24:30 IST" duration-ms="221" status="PASS">
          <reporter-output>
          </reporter-output>
        </test-method> <!-- tearDown -->
      </class> <!-- testCases.TC_001_AccountRegistrationTest -->
    </test> <!-- Test -->
  </suite> <!-- Suite -->
</testng-results>
